<?xml version="1.0" encoding="UTF-8"?>
<testsuite xmlns:xsi="http://www.w3.org/2001/XMLSchema-instance" xsi:noNamespaceSchemaLocation="https://maven.apache.org/surefire/maven-surefire-plugin/xsd/surefire-test-report-3.0.xsd" version="3.0" name="com.skillbadge.service.BadgeServiceTest" time="0.602" tests="2" errors="0" skipped="0" failures="0">
  <properties>
[...]
</properties>
  <testcase name="testAssignSportBadges" classname="com.skillbadge.service.BadgeServiceTest" time="0.575">
    <system-out><![CDATA[2025-08-01T10:40:31.288+05:30  INFO 4272 --- [           main] com.skillbadge.service.BadgeService      :  Badge assigned ? Sports to John [Stars: 4]
]]></system-out>
  </testcase>
  <testcase name="testAssignCodingBadges" classname="com.skillbadge.service.BadgeServiceTest" time="0.012">
    <system-out><![CDATA[2025-08-01T10:40:31.342+05:30  INFO 4272 --- [           main] com.skillbadge.service.BadgeService      :  Badge assigned ? Coding to Raghavan [Stars: 5]
]]></system-out>
  </testcase>
</testsuite>